<?xml version="1.0" encoding="UTF-8"?>
<testng-results ignored="0" total="2" passed="2" failed="0" skipped="0">
  <reporter-output>
  </reporter-output>
  <suite started-at="2021-10-20T17:34:19 IST" name="Default suite" finished-at="2021-10-20T17:34:38 IST" duration-ms="18692">
    <groups>
    </groups>
    <test started-at="2021-10-20T17:34:19 IST" name="Default test" finished-at="2021-10-20T17:34:38 IST" duration-ms="18692">
      <class name="com.app.datadriven.ExcelDataDriven">
        <test-method is-config="true" signature="launchBrowser()[pri:0, instance:com.app.datadriven.ExcelDataDriven@604c5de8]" started-at="2021-10-20T17:34:19 IST" name="launchBrowser" finished-at="2021-10-20T17:34:19 IST" duration-ms="6" status="PASS">
          <reporter-output>
          </reporter-output>
        </test-method> <!-- launchBrowser -->
        <test-method signature="Test1(java.lang.String,java.lang.String)[pri:0, instance:com.app.datadriven.ExcelDataDriven@604c5de8]" started-at="2021-10-20T17:34:20 IST" name="Test1" data-provider="testData1" finished-at="2021-10-20T17:34:27 IST" duration-ms="6749" status="PASS">
          <params>
            <param index="0">
              <value>
                <![CDATA[standard_user]]>
              </value>
            </param>
            <param index="1">
              <value>
                <![CDATA[secret_sauce]]>
              </value>
            </param>
          </params>
          <reporter-output>
          </reporter-output>
        </test-method> <!-- Test1 -->
        <test-method signature="Test1(java.lang.String,java.lang.String)[pri:0, instance:com.app.datadriven.ExcelDataDriven@604c5de8]" started-at="2021-10-20T17:34:27 IST" name="Test1" data-provider="testData1" finished-at="2021-10-20T17:34:38 IST" duration-ms="11450" status="PASS">
          <params>
            <param index="0">
              <value>
                <![CDATA[performance_glitch_user]]>
              </value>
            </param>
            <param index="1">
              <value>
                <![CDATA[secret_sauce]]>
              </value>
            </param>
          </params>
          <reporter-output>
          </reporter-output>
        </test-method> <!-- Test1 -->
      </class> <!-- com.app.datadriven.ExcelDataDriven -->
    </test> <!-- Default test -->
  </suite> <!-- Default suite -->
</testng-results>
