<?xml version="1.0" encoding="UTF-8"?>
<testng-results ignored="0" total="1" passed="1" failed="0" skipped="0">
  <reporter-output>
  </reporter-output>
  <suite started-at="2021-10-25T14:17:08 IST" name="Default suite" finished-at="2021-10-25T14:18:09 IST" duration-ms="60982">
    <groups>
    </groups>
    <test started-at="2021-10-25T14:17:08 IST" name="Default test" finished-at="2021-10-25T14:18:09 IST" duration-ms="60982">
      <class name="com.app.addpro.AddAndCheckout">
        <test-method is-config="true" signature="launchingBrowser()[pri:0, instance:com.app.addpro.AddAndCheckout@223d2c72]" started-at="2021-10-25T14:17:08 IST" name="launchingBrowser" finished-at="2021-10-25T14:17:13 IST" duration-ms="4625" status="PASS">
          <reporter-output>
          </reporter-output>
        </test-method> <!-- launchingBrowser -->
        <test-method signature="HomePage()[pri:0, instance:com.app.addpro.AddAndCheckout@223d2c72]" started-at="2021-10-25T14:17:13 IST" name="HomePage" finished-at="2021-10-25T14:18:09 IST" duration-ms="56241" status="PASS">
          <reporter-output>
          </reporter-output>
        </test-method> <!-- HomePage -->
        <test-method is-config="true" signature="close_driver()[pri:0, instance:com.app.addpro.AddAndCheckout@223d2c72]" started-at="2021-10-25T14:18:09 IST" name="close_driver" finished-at="2021-10-25T14:18:09 IST" duration-ms="79" status="PASS">
          <reporter-output>
          </reporter-output>
        </test-method> <!-- close_driver -->
      </class> <!-- com.app.addpro.AddAndCheckout -->
    </test> <!-- Default test -->
  </suite> <!-- Default suite -->
</testng-results>
